Configuring optparse-applicative-0.13.0.0...
Building optparse-applicative-0.13.0.0...
Preprocessing library optparse-applicative-0.13.0.0...
[ 1 of 15] Compiling Options.Applicative.Help.Pretty ( Options/Applicative/Help/Pretty.hs, dist/dist-sandbox-a598c72b/build/Options/Applicative/Help/Pretty.o )
[ 2 of 15] Compiling Options.Applicative.Help.Chunk ( Options/Applicative/Help/Chunk.hs, dist/dist-sandbox-a598c72b/build/Options/Applicative/Help/Chunk.o )
[ 3 of 15] Compiling Options.Applicative.Help.Types ( Options/Applicative/Help/Types.hs, dist/dist-sandbox-a598c72b/build/Options/Applicative/Help/Types.o )
[ 4 of 15] Compiling Options.Applicative.Types ( Options/Applicative/Types.hs, dist/dist-sandbox-a598c72b/build/Options/Applicative/Types.o )
[ 5 of 15] Compiling Options.Applicative.Internal ( Options/Applicative/Internal.hs, dist/dist-sandbox-a598c72b/build/Options/Applicative/Internal.o )
[ 6 of 15] Compiling Options.Applicative.Builder.Completer ( Options/Applicative/Builder/Completer.hs, dist/dist-sandbox-a598c72b/build/Options/Applicative/Builder/Completer.o )
[ 7 of 15] Compiling Options.Applicative.Common ( Options/Applicative/Common.hs, dist/dist-sandbox-a598c72b/build/Options/Applicative/Common.o )
[ 8 of 15] Compiling Options.Applicative.Builder.Internal ( Options/Applicative/Builder/Internal.hs, dist/dist-sandbox-a598c72b/build/Options/Applicative/Builder/Internal.o )
[ 9 of 15] Compiling Options.Applicative.Builder ( Options/Applicative/Builder.hs, dist/dist-sandbox-a598c72b/build/Options/Applicative/Builder.o )
[10 of 15] Compiling Options.Applicative.BashCompletion ( Options/Applicative/BashCompletion.hs, dist/dist-sandbox-a598c72b/build/Options/Applicative/BashCompletion.o )
[11 of 15] Compiling Options.Applicative.Help.Core ( Options/Applicative/Help/Core.hs, dist/dist-sandbox-a598c72b/build/Options/Applicative/Help/Core.o )
[12 of 15] Compiling Options.Applicative.Help ( Options/Applicative/Help.hs, dist/dist-sandbox-a598c72b/build/Options/Applicative/Help.o )
[13 of 15] Compiling Options.Applicative.Extra ( Options/Applicative/Extra.hs, dist/dist-sandbox-a598c72b/build/Options/Applicative/Extra.o )
[14 of 15] Compiling Options.Applicative ( Options/Applicative.hs, dist/dist-sandbox-a598c72b/build/Options/Applicative.o )
[15 of 15] Compiling Options.Applicative.Arrows ( Options/Applicative/Arrows.hs, dist/dist-sandbox-a598c72b/build/Options/Applicative/Arrows.o )
In-place registering optparse-applicative-0.13.0.0...
Creating package registration file:
/tmp/pkgConf-optparse-applicative-0.13.01128057321120048829.0
Installing library in
/home/rick/Projects/FP/A5/framework/.cabal-sandbox/lib/x86_64-linux-ghc-7.10.3/optparse-applicative-0.13.0.0-J32MqcJYo2NCujt8WcqcI6
Registering optparse-applicative-0.13.0.0...
