Configuring yaml-0.8.20...
Building yaml-0.8.20...
Preprocessing library yaml-0.8.20...
[ 1 of 10] Compiling Text.Libyaml     ( Text/Libyaml.hs, dist/dist-sandbox-a598c72b/build/Text/Libyaml.o )
[ 2 of 10] Compiling Data.Yaml.Internal ( Data/Yaml/Internal.hs, dist/dist-sandbox-a598c72b/build/Data/Yaml/Internal.o )
[ 3 of 10] Compiling Data.Yaml        ( Data/Yaml.hs, dist/dist-sandbox-a598c72b/build/Data/Yaml.o )
[ 4 of 10] Compiling Data.Yaml.Aeson  ( Data/Yaml/Aeson.hs, dist/dist-sandbox-a598c72b/build/Data/Yaml/Aeson.o )
[ 5 of 10] Compiling Data.Yaml.TH     ( Data/Yaml/TH.hs, dist/dist-sandbox-a598c72b/build/Data/Yaml/TH.o )
[ 6 of 10] Compiling Data.Yaml.Builder ( Data/Yaml/Builder.hs, dist/dist-sandbox-a598c72b/build/Data/Yaml/Builder.o )
[ 7 of 10] Compiling Data.Yaml.Pretty ( Data/Yaml/Pretty.hs, dist/dist-sandbox-a598c72b/build/Data/Yaml/Pretty.o )
[ 8 of 10] Compiling Data.Yaml.Include ( Data/Yaml/Include.hs, dist/dist-sandbox-a598c72b/build/Data/Yaml/Include.o )
[ 9 of 10] Compiling Data.Yaml.Config ( Data/Yaml/Config.hs, dist/dist-sandbox-a598c72b/build/Data/Yaml/Config.o )
[10 of 10] Compiling Data.Yaml.Parser ( Data/Yaml/Parser.hs, dist/dist-sandbox-a598c72b/build/Data/Yaml/Parser.o )
In-place registering yaml-0.8.20...
Preprocessing executable 'yaml2json' for yaml-0.8.20...
[1 of 1] Compiling Main             ( exe/yaml2json.hs, dist/dist-sandbox-a598c72b/build/yaml2json/yaml2json-tmp/Main.o )
Linking dist/dist-sandbox-a598c72b/build/yaml2json/yaml2json ...
Preprocessing executable 'json2yaml' for yaml-0.8.20...
[1 of 1] Compiling Main             ( exe/json2yaml.hs, dist/dist-sandbox-a598c72b/build/json2yaml/json2yaml-tmp/Main.o )
Linking dist/dist-sandbox-a598c72b/build/json2yaml/json2yaml ...
Creating package registration file:
/tmp/pkgConf-yaml-0.81117142618168002245.20
Installing library in
/home/rick/Projects/FP/A5/framework/.cabal-sandbox/lib/x86_64-linux-ghc-7.10.3/yaml-0.8.20-1eq8LUKKfSxHWFk3n7kJeV
Installing executable(s) in
/home/rick/Projects/FP/A5/framework/.cabal-sandbox/bin
Registering yaml-0.8.20...
